[0m23:12:15.567999 [debug] [MainThread]: Sending event: {'category': 'dbt', 'action': 'invocation', 'label': 'start', 'context': [<snowplow_tracker.self_describing_json.SelfDescribingJson object at 0x00000282B793C140>, <snowplow_tracker.self_describing_json.SelfDescribingJson object at 0x00000282B80266C0>, <snowplow_tracker.self_describing_json.SelfDescribingJson object at 0x00000282B5C2D160>]}


============================== 23:12:15.583621 | c942f343-e06d-4431-a563-cede79590f4f ==============================
[0m23:12:15.583621 [info ] [MainThread]: Running with dbt=1.8.0
[0m23:12:15.584148 [debug] [MainThread]: running dbt with arguments {'printer_width': '80', 'indirect_selection': 'eager', 'log_cache_events': 'False', 'write_json': 'True', 'partial_parse': 'True', 'cache_selected_only': 'False', 'warn_error': 'None', 'debug': 'False', 'fail_fast': 'False', 'log_path': 'logs', 'profiles_dir': 'C:\\Users\\denis.murynka\\.dbt', 'version_check': 'True', 'use_colors': 'True', 'use_experimental_parser': 'False', 'no_print': 'None', 'quiet': 'False', 'log_format': 'default', 'static_parser': 'True', 'warn_error_options': 'WarnErrorOptions(include=[], exclude=[])', 'introspect': 'True', 'target_path': 'None', 'invocation_command': 'dbt init', 'send_anonymous_usage_stats': 'True'}
[0m23:12:15.616230 [warn ] [MainThread]: [ConfigFolderDirectory]: Unable to parse dict {'dir': WindowsPath('C:/Users/denis.murynka/.dbt')}
[0m23:12:15.617183 [info ] [MainThread]: Creating dbt configuration folder at 
[0m23:13:24.280114 [debug] [MainThread]: Starter project path: C:\Users\denis.murynka\OneDrive - Kuehne+Nagel\Dokumente\snowflake_dev\dbt_workspace\dbt_venv\Lib\site-packages\dbt\include\starter_project
[0m23:13:24.317378 [info ] [MainThread]: 
Your new dbt project "dbt_proj" was created!

For more information on how to configure the profiles.yml file,
please consult the dbt documentation here:

  https://docs.getdbt.com/docs/configure-your-profile

One more thing:

Need help? Don't hesitate to reach out to us via GitHub issues or on Slack:

  https://community.getdbt.com/

Happy modeling!

[0m23:13:24.317378 [info ] [MainThread]: Setting up your profile.
[0m23:16:10.330155 [info ] [MainThread]: Profile dbt_proj written to C:\Users\denis.murynka\.dbt\profiles.yml using target's profile_template.yml and your supplied values. Run 'dbt debug' to validate the connection.
[0m23:16:10.330155 [debug] [MainThread]: Command `dbt init` succeeded at 23:16:10.330155 after 234.92 seconds
[0m23:16:10.330155 [debug] [MainThread]: Sending event: {'category': 'dbt', 'action': 'invocation', 'label': 'end', 'context': [<snowplow_tracker.self_describing_json.SelfDescribingJson object at 0x00000282B7F5C2C0>, <snowplow_tracker.self_describing_json.SelfDescribingJson object at 0x00000282B74DEFC0>, <snowplow_tracker.self_describing_json.SelfDescribingJson object at 0x00000282B906B7D0>]}
[0m23:16:10.330155 [debug] [MainThread]: Flushing usage events
[0m23:16:11.137748 [debug] [MainThread]: Error sending anonymous usage statistics. Disabling tracking for this execution. If you wish to permanently disable tracking, see: https://docs.getdbt.com/reference/global-configs#send-anonymous-usage-stats.
[0m23:19:19.173143 [debug] [MainThread]: Sending event: {'category': 'dbt', 'action': 'invocation', 'label': 'start', 'context': [<snowplow_tracker.self_describing_json.SelfDescribingJson object at 0x000001D9B67A6570>, <snowplow_tracker.self_describing_json.SelfDescribingJson object at 0x000001D9B112F0E0>, <snowplow_tracker.self_describing_json.SelfDescribingJson object at 0x000001D9B6D2B9E0>]}


============================== 23:19:19.177134 | 2a3a079c-e91e-4b43-8805-cdc68c07c80e ==============================
[0m23:19:19.177134 [info ] [MainThread]: Running with dbt=1.8.0
[0m23:19:19.178131 [debug] [MainThread]: running dbt with arguments {'printer_width': '80', 'indirect_selection': 'eager', 'write_json': 'True', 'log_cache_events': 'False', 'partial_parse': 'True', 'cache_selected_only': 'False', 'profiles_dir': 'C:\\Users\\denis.murynka\\.dbt', 'fail_fast': 'False', 'debug': 'False', 'log_path': 'logs', 'version_check': 'True', 'warn_error': 'None', 'use_colors': 'True', 'use_experimental_parser': 'False', 'no_print': 'None', 'quiet': 'False', 'warn_error_options': 'WarnErrorOptions(include=[], exclude=[])', 'introspect': 'True', 'invocation_command': 'dbt debug', 'log_format': 'default', 'target_path': 'None', 'static_parser': 'True', 'send_anonymous_usage_stats': 'True'}
[0m23:19:19.200911 [info ] [MainThread]: dbt version: 1.8.0
[0m23:19:19.200911 [info ] [MainThread]: python version: 3.12.0
[0m23:19:19.200911 [info ] [MainThread]: python path: C:\Users\denis.murynka\OneDrive - Kuehne+Nagel\Dokumente\snowflake_dev\dbt_workspace\dbt_venv\Scripts\python.exe
[0m23:19:19.200911 [info ] [MainThread]: os info: Windows-10-10.0.19045-SP0
[0m23:19:19.767436 [info ] [MainThread]: Using profiles dir at C:\Users\denis.murynka\.dbt
[0m23:19:19.767436 [info ] [MainThread]: Using profiles.yml file at C:\Users\denis.murynka\.dbt\profiles.yml
[0m23:19:19.783076 [info ] [MainThread]: Using dbt_project.yml file at C:\Users\denis.murynka\OneDrive - Kuehne+Nagel\Dokumente\snowflake_dev\dbt_workspace\dbt_project.yml
[0m23:19:19.783076 [info ] [MainThread]: adapter type: snowflake
[0m23:19:19.783076 [info ] [MainThread]: adapter version: 1.8.0
[0m23:19:19.783076 [info ] [MainThread]: Configuration:
[0m23:19:19.783076 [info ] [MainThread]:   profiles.yml file [[32mOK found and valid[0m]
[0m23:19:19.788626 [info ] [MainThread]:   dbt_project.yml file [[31mERROR not found[0m]
[0m23:19:19.789767 [info ] [MainThread]: Required dependencies:
[0m23:19:19.790419 [debug] [MainThread]: Executing "git --help"
[0m23:19:19.895916 [debug] [MainThread]: STDOUT: "b"usage: git [-v | --version] [-h | --help] [-C <path>] [-c <name>=<value>]\n           [--exec-path[=<path>]] [--html-path] [--man-path] [--info-path]\n           [-p | --paginate | -P | --no-pager] [--no-replace-objects] [--bare]\n           [--git-dir=<path>] [--work-tree=<path>] [--namespace=<name>]\n           [--config-env=<name>=<envvar>] <command> [<args>]\n\nThese are common Git commands used in various situations:\n\nstart a working area (see also: git help tutorial)\n   clone     Clone a repository into a new directory\n   init      Create an empty Git repository or reinitialize an existing one\n\nwork on the current change (see also: git help everyday)\n   add       Add file contents to the index\n   mv        Move or rename a file, a directory, or a symlink\n   restore   Restore working tree files\n   rm        Remove files from the working tree and from the index\n\nexamine the history and state (see also: git help revisions)\n   bisect    Use binary search to find the commit that introduced a bug\n   diff      Show changes between commits, commit and working tree, etc\n   grep      Print lines matching a pattern\n   log       Show commit logs\n   show      Show various types of objects\n   status    Show the working tree status\n\ngrow, mark and tweak your common history\n   branch    List, create, or delete branches\n   commit    Record changes to the repository\n   merge     Join two or more development histories together\n   rebase    Reapply commits on top of another base tip\n   reset     Reset current HEAD to the specified state\n   switch    Switch branches\n   tag       Create, list, delete or verify a tag object signed with GPG\n\ncollaborate (see also: git help workflows)\n   fetch     Download objects and refs from another repository\n   pull      Fetch from and integrate with another repository or a local branch\n   push      Update remote refs along with associated objects\n\n'git help -a' and 'git help -g' list available subcommands and some\nconcept guides. See 'git help <command>' or 'git help <concept>'\nto read about a specific subcommand or concept.\nSee 'git help git' for an overview of the system.\n""
[0m23:19:19.896912 [debug] [MainThread]: STDERR: "b''"
[0m23:19:19.896912 [info ] [MainThread]:  - git [[32mOK found[0m]

[0m23:19:19.897949 [info ] [MainThread]: Connection:
[0m23:19:19.898946 [info ] [MainThread]:   account: hv20670.eu-central-1.privatelink
[0m23:19:19.898946 [info ] [MainThread]:   user: DENYS.MURYNKA
[0m23:19:19.898946 [info ] [MainThread]:   database: DB_CL_DEV
[0m23:19:19.898946 [info ] [MainThread]:   warehouse: CL_DEV_WH
[0m23:19:19.898946 [info ] [MainThread]:   role: CL_DEVELOPER
[0m23:19:19.898946 [info ] [MainThread]:   schema: DBT_PROJ
[0m23:19:19.898946 [info ] [MainThread]:   authenticator: None
[0m23:19:19.904600 [info ] [MainThread]:   oauth_client_id: None
[0m23:19:19.905599 [info ] [MainThread]:   query_tag: None
[0m23:19:19.905599 [info ] [MainThread]:   client_session_keep_alive: False
[0m23:19:19.906598 [info ] [MainThread]:   host: None
[0m23:19:19.907845 [info ] [MainThread]:   port: None
[0m23:19:19.908198 [info ] [MainThread]:   proxy_host: None
[0m23:19:19.908198 [info ] [MainThread]:   proxy_port: None
[0m23:19:19.908198 [info ] [MainThread]:   protocol: None
[0m23:19:19.908198 [info ] [MainThread]:   connect_retries: 1
[0m23:19:19.914030 [info ] [MainThread]:   connect_timeout: None
[0m23:19:19.916024 [info ] [MainThread]:   retry_on_database_errors: False
[0m23:19:19.916024 [info ] [MainThread]:   retry_all: False
[0m23:19:19.917020 [info ] [MainThread]:   insecure_mode: False
[0m23:19:19.918016 [info ] [MainThread]:   reuse_connections: None
[0m23:19:19.919107 [info ] [MainThread]: Registered adapter: snowflake=1.8.0
[0m23:19:19.919107 [debug] [MainThread]: Acquiring new snowflake connection 'debug'
[0m23:19:19.919107 [debug] [MainThread]: Using snowflake connection "debug"
[0m23:19:19.919107 [debug] [MainThread]: On debug: select 1 as id
[0m23:19:19.919107 [debug] [MainThread]: Opening a new connection, currently in state init
[0m23:19:21.067218 [debug] [MainThread]: Snowflake adapter: Error running SQL: select 1 as id
[0m23:19:21.067218 [debug] [MainThread]: Snowflake adapter: Rolling back transaction.
[0m23:19:21.067218 [debug] [MainThread]: On debug: No close available on handle
[0m23:19:21.081178 [info ] [MainThread]:   Connection test: [[31mERROR[0m]

[0m23:19:21.082175 [info ] [MainThread]: [31m2 checks failed:[0m
[0m23:19:21.083026 [info ] [MainThread]: Project loading failed for the following reason:
 project path <C:\Users\denis.murynka\OneDrive - Kuehne+Nagel\Dokumente\snowflake_dev\dbt_workspace\dbt_project.yml> not found

[0m23:19:21.084026 [info ] [MainThread]: dbt was unable to connect to the specified database.
The database returned the following error:

  >Database Error
  250001 (08001): Failed to connect to DB: hv20670.eu-central-1.privatelink.snowflakecomputing.com:443. Incorrect username or password was specified.

Check your database credentials and try again. For more information, visit:
https://docs.getdbt.com/docs/configure-your-profile


[0m23:19:21.086020 [debug] [MainThread]: Command `dbt debug` failed at 23:19:21.086020 after 2.22 seconds
[0m23:19:21.087018 [debug] [MainThread]: Connection 'debug' was properly closed.
[0m23:19:21.087018 [debug] [MainThread]: Sending event: {'category': 'dbt', 'action': 'invocation', 'label': 'end', 'context': [<snowplow_tracker.self_describing_json.SelfDescribingJson object at 0x000001D9B6E289B0>, <snowplow_tracker.self_describing_json.SelfDescribingJson object at 0x000001D9B70E2270>, <snowplow_tracker.self_describing_json.SelfDescribingJson object at 0x000001D9B1566750>]}
[0m23:19:21.088015 [debug] [MainThread]: Flushing usage events
[0m23:19:21.948526 [debug] [MainThread]: Error sending anonymous usage statistics. Disabling tracking for this execution. If you wish to permanently disable tracking, see: https://docs.getdbt.com/reference/global-configs#send-anonymous-usage-stats.
